18:02:23,190:ERROR - [1]class edu.tongji.experiment.smartgrid.UMassAnalysisPerturbationExper 发生错误
org.springframework.beans.factory.BeanDefinitionStoreException: IOException parsing XML document from class path resource [experiment/smartgrid/umass/umass-analysis-perturbation.xml]; nested exception is java.io.FileNotFoundException: class path resource [experiment/smartgrid/umass/umass-analysis-perturbation.xml] cannot be opened because it does not exist
	at org.springframework.beans.factory.xml.XmlBeanDefinitionReader.loadBeanDefinitions(XmlBeanDefinitionReader.java:341)
	at org.springframework.beans.factory.xml.XmlBeanDefinitionReader.loadBeanDefinitions(XmlBeanDefinitionReader.java:302)
	at org.springframework.beans.factory.support.AbstractBeanDefinitionReader.loadBeanDefinitions(AbstractBeanDefinitionReader.java:174)
	at org.springframework.beans.factory.support.AbstractBeanDefinitionReader.loadBeanDefinitions(AbstractBeanDefinitionReader.java:209)
	at org.springframework.beans.factory.support.AbstractBeanDefinitionReader.loadBeanDefinitions(AbstractBeanDefinitionReader.java:180)
	at org.springframework.beans.factory.support.AbstractBeanDefinitionReader.loadBeanDefinitions(AbstractBeanDefinitionReader.java:243)
	at org.springframework.context.support.AbstractXmlApplicationContext.loadBeanDefinitions(AbstractXmlApplicationContext.java:127)
	at org.springframework.context.support.AbstractXmlApplicationContext.loadBeanDefinitions(AbstractXmlApplicationContext.java:93)
	at org.springframework.context.support.AbstractRefreshableApplicationContext.refreshBeanFactory(AbstractRefreshableApplicationContext.java:130)
	at org.springframework.context.support.AbstractApplicationContext.obtainFreshBeanFactory(AbstractApplicationContext.java:537)
	at org.springframework.context.support.AbstractApplicationContext.refresh(AbstractApplicationContext.java:451)
	at org.springframework.context.support.ClassPathXmlApplicationContext.<init>(ClassPathXmlApplicationContext.java:139)
	at org.springframework.context.support.ClassPathXmlApplicationContext.<init>(ClassPathXmlApplicationContext.java:83)
	at edu.tongji.experiment.smartgrid.UMassAnalysisPerturbationExper.main(UMassAnalysisPerturbationExper.java:27)
Caused by: java.io.FileNotFoundException: class path resource [experiment/smartgrid/umass/umass-analysis-perturbation.xml] cannot be opened because it does not exist
	at org.springframework.core.io.ClassPathResource.getInputStream(ClassPathResource.java:157)
	at org.springframework.beans.factory.xml.XmlBeanDefinitionReader.loadBeanDefinitions(XmlBeanDefinitionReader.java:328)
	... 13 more
18:03:04,257:ERROR - [1]读取文件发生异常，校验文件路径: src/test/resources/assemble/smartgrid/QuarterSeq.vm
java.io.FileNotFoundException: File Not Found
	at edu.tongji.util.FileUtil.readLinesAsStream(FileUtil.java:59)
	at edu.tongji.engine.smartgrid.AnalysisPerturbationEngine.setAssembleTemplate(AnalysisPerturbationEngine.java:178)
	at sun.reflect.NativeMethodAccessorImpl.invoke0(Native Method)
	at sun.reflect.NativeMethodAccessorImpl.invoke(Unknown Source)
	at sun.reflect.DelegatingMethodAccessorImpl.invoke(Unknown Source)
	at java.lang.reflect.Method.invoke(Unknown Source)
	at org.springframework.beans.BeanWrapperImpl.setPropertyValue(BeanWrapperImpl.java:1132)
	at org.springframework.beans.BeanWrapperImpl.setPropertyValue(BeanWrapperImpl.java:902)
	at org.springframework.beans.AbstractPropertyAccessor.setPropertyValues(AbstractPropertyAccessor.java:75)
	at org.springframework.beans.AbstractPropertyAccessor.setPropertyValues(AbstractPropertyAccessor.java:57)
	at org.springframework.beans.factory.support.AbstractAutowireCapableBeanFactory.applyPropertyValues(AbstractAutowireCapableBeanFactory.java:1420)
	at org.springframework.beans.factory.support.AbstractAutowireCapableBeanFactory.populateBean(AbstractAutowireCapableBeanFactory.java:1128)
	at org.springframework.beans.factory.support.AbstractAutowireCapableBeanFactory.doCreateBean(AbstractAutowireCapableBeanFactory.java:519)
	at org.springframework.beans.factory.support.AbstractAutowireCapableBeanFactory.createBean(AbstractAutowireCapableBeanFactory.java:458)
	at org.springframework.beans.factory.support.AbstractBeanFactory$1.getObject(AbstractBeanFactory.java:295)
	at org.springframework.beans.factory.support.DefaultSingletonBeanRegistry.getSingleton(DefaultSingletonBeanRegistry.java:223)
	at org.springframework.beans.factory.support.AbstractBeanFactory.doGetBean(AbstractBeanFactory.java:292)
	at org.springframework.beans.factory.support.AbstractBeanFactory.getBean(AbstractBeanFactory.java:194)
	at org.springframework.beans.factory.support.DefaultListableBeanFactory.preInstantiateSingletons(DefaultListableBeanFactory.java:626)
	at org.springframework.context.support.AbstractApplicationContext.finishBeanFactoryInitialization(AbstractApplicationContext.java:932)
	at org.springframework.context.support.AbstractApplicationContext.refresh(AbstractApplicationContext.java:479)
	at org.springframework.context.support.ClassPathXmlApplicationContext.<init>(ClassPathXmlApplicationContext.java:139)
	at org.springframework.context.support.ClassPathXmlApplicationContext.<init>(ClassPathXmlApplicationContext.java:83)
	at edu.tongji.experiment.smartgrid.UMassAnalysisPerturbationExper.main(UMassAnalysisPerturbationExper.java:27)
18:03:04,343:ERROR - [1]目录不存在，校验文件路径: src/test/resources/dataset/testcase/smartgrid/redd/air_conditioning/H6_C16
java.io.FileNotFoundException: File Not Found
	at edu.tongji.util.FileUtil.readLinesByPattern(FileUtil.java:142)
	at edu.tongji.orm.SmartGridDataSource.load(SmartGridDataSource.java:68)
	at edu.tongji.orm.SmartGridDataSource.reload(SmartGridDataSource.java:92)
	at edu.tongji.engine.smartgrid.SmartGridEngine.loadDataSet(SmartGridEngine.java:67)
	at edu.tongji.engine.smartgrid.SmartGridEngine.excute(SmartGridEngine.java:54)
	at edu.tongji.experiment.smartgrid.UMassAnalysisPerturbationExper.main(UMassAnalysisPerturbationExper.java:30)
18:03:04,343:ERROR - [1]class edu.tongji.experiment.smartgrid.UMassAnalysisPerturbationExper 发生错误
java.lang.NullPointerException
	at edu.tongji.orm.SmartGridDataSource.load(SmartGridDataSource.java:69)
	at edu.tongji.orm.SmartGridDataSource.reload(SmartGridDataSource.java:92)
	at edu.tongji.engine.smartgrid.SmartGridEngine.loadDataSet(SmartGridEngine.java:67)
	at edu.tongji.engine.smartgrid.SmartGridEngine.excute(SmartGridEngine.java:54)
	at edu.tongji.experiment.smartgrid.UMassAnalysisPerturbationExper.main(UMassAnalysisPerturbationExper.java:30)
